<testsuite tests="4" skipped="0" name="test.ApplicationSpec" hostname="Dominic-PC" failures="0" time="0.000" errors="0">
        <properties>
[...]
</properties>
        <testcase name="Application should::redirect to the model list on /" time="0.020" classname="test.ApplicationSpec">
        
      </testcase><testcase name="Application should::list models on the the first page" time="0.099" classname="test.ApplicationSpec">
        <failure message="'









&lt;!DOCTYPE html&gt;
&lt;html&gt;
    &lt;head&gt;
        &lt;title&gt;App that probably won't be completed&lt;/title&gt;
        &lt;link rel=&quot;stylesheet&quot; type=&quot;text/css&quot; media=&quot;screen&quot; href=&quot;/assets/stylesheets/bootstrap.min.css&quot;&gt; 
        &lt;link rel=&quot;stylesheet&quot; type=&quot;text/css&quot; media=&quot;screen&quot; href=&quot;/assets/stylesheets/main.css&quot;&gt; 
    &lt;/head&gt;
    &lt;body&gt;
        
        &lt;header class=&quot;topbar&quot;&gt;
            &lt;h1 class=&quot;fill&quot;&gt;
                &lt;a href=&quot;/&quot;&gt;
                   App that probably won't be completed
                &lt;/a&gt;
            &lt;/h1&gt;
        &lt;/header&gt;
        
        &lt;section id=&quot;main&quot;&gt;
            
    
    &lt;h1&gt;7 cars found&lt;/h1&gt;

    

    &lt;div id=&quot;actions&quot;&gt;
        
         

&lt;form action=&quot;/models&quot; method=&quot;GET&quot; &gt;
    
            &lt;input type=&quot;search&quot; id=&quot;searchbox&quot; name=&quot;f&quot; value=&quot;&quot; placeholder=&quot;Filter by model name...&quot;&gt;
            &lt;input type=&quot;submit&quot; id=&quot;searchsubmit&quot; value=&quot;Filter by name&quot; class=&quot;btn primary&quot;&gt;
        
&lt;/form&gt;

        
        &lt;a class=&quot;btn success&quot; id=&quot;add&quot; href=&quot;/models/new&quot;&gt;Add a new model&lt;/a&gt;
        
    &lt;/div&gt;
    
    
        
        &lt;table class=&quot;models zebra-striped&quot;&gt;
            &lt;thead&gt;
                &lt;tr&gt;
                	
    &lt;th class=&quot;col2 header headerSortUp&quot;&gt;
        &lt;a href=&quot;/models?s=-2&quot;&gt;Make&lt;/a&gt;
    &lt;/th&gt;

                    
    &lt;th class=&quot;col8 header &quot;&gt;
        &lt;a href=&quot;/models?s=8&quot;&gt;Model name&lt;/a&gt;
    &lt;/th&gt;

                    
    &lt;th class=&quot;col6 header &quot;&gt;
        &lt;a href=&quot;/models?s=6&quot;&gt;Aspiration&lt;/a&gt;
    &lt;/th&gt;

                    
    &lt;th class=&quot;col3 header &quot;&gt;
        &lt;a href=&quot;/models?s=3&quot;&gt;Introduced&lt;/a&gt;
    &lt;/th&gt;

                    
    &lt;th class=&quot;col4 header &quot;&gt;
        &lt;a href=&quot;/models?s=4&quot;&gt;Discontinued&lt;/a&gt;
    &lt;/th&gt;

                &lt;/tr&gt;
            &lt;/thead&gt;
            &lt;tbody&gt;
				
                
                        &lt;tr&gt;
                            &lt;td&gt;&lt;a href=&quot;/models/3&quot;&gt;370Z&lt;/a&gt;&lt;/td&gt;
                            &lt;td&gt;
                                Nissan
                            &lt;/td&gt;
                            &lt;td&gt;
                                N/A
                            &lt;/td&gt;
                            &lt;td&gt;
                                01 May 1980
                            &lt;/td&gt;
                            &lt;td&gt;
                                01 Apr 1984
                            &lt;/td&gt;                            
                            
                        &lt;/tr&gt;
                    
                        &lt;tr&gt;
                            &lt;td&gt;&lt;a href=&quot;/models/5&quot;&gt;911&lt;/a&gt;&lt;/td&gt;
                            &lt;td&gt;
                                Porsche
                            &lt;/td&gt;
                            &lt;td&gt;
                                N/A
                            &lt;/td&gt;
                            &lt;td&gt;
                                01 May 1980
                            &lt;/td&gt;
                            &lt;td&gt;
                                01 Apr 1984
                            &lt;/td&gt;                            
                            
                        &lt;/tr&gt;
                    
                        &lt;tr&gt;
                            &lt;td&gt;&lt;a href=&quot;/models/4&quot;&gt;Cayman&lt;/a&gt;&lt;/td&gt;
                            &lt;td&gt;
                                Porsche
                            &lt;/td&gt;
                            &lt;td&gt;
                                N/A
                            &lt;/td&gt;
                            &lt;td&gt;
                                01 May 1980
                            &lt;/td&gt;
                            &lt;td&gt;
                                01 Apr 1984
                            &lt;/td&gt;                            
                            
                        &lt;/tr&gt;
                    
                        &lt;tr&gt;
                            &lt;td&gt;&lt;a href=&quot;/models/1&quot;&gt;Clio&lt;/a&gt;&lt;/td&gt;
                            &lt;td&gt;
                                Renault
                            &lt;/td&gt;
                            &lt;td&gt;
                                N/A
                            &lt;/td&gt;
                            &lt;td&gt;
                                01 May 1980
                            &lt;/td&gt;
                            &lt;td&gt;
                                01 Apr 1984
                            &lt;/td&gt;                            
                            
                        &lt;/tr&gt;
                    
                        &lt;tr&gt;
                            &lt;td&gt;&lt;a href=&quot;/models/6&quot;&gt;Impreza&lt;/a&gt;&lt;/td&gt;
                            &lt;td&gt;
                                Subaru
                            &lt;/td&gt;
                            &lt;td&gt;
                                Turbocharged
                            &lt;/td&gt;
                            &lt;td&gt;
                                01 May 1980
                            &lt;/td&gt;
                            &lt;td&gt;
                                01 Apr 1984
                            &lt;/td&gt;                            
                            
                        &lt;/tr&gt;
                    
                        &lt;tr&gt;
                            &lt;td&gt;&lt;a href=&quot;/models/7&quot;&gt;Legacy&lt;/a&gt;&lt;/td&gt;
                            &lt;td&gt;
                                Subaru
                            &lt;/td&gt;
                            &lt;td&gt;
                                Turbocharged
                            &lt;/td&gt;
                            &lt;td&gt;
                                01 May 1980
                            &lt;/td&gt;
                            &lt;td&gt;
                                01 Apr 1984
                            &lt;/td&gt;                            
                            
                        &lt;/tr&gt;
                    
                        &lt;tr&gt;
                            &lt;td&gt;&lt;a href=&quot;/models/2&quot;&gt;Skyline&lt;/a&gt;&lt;/td&gt;
                            &lt;td&gt;
                                Nissan
                            &lt;/td&gt;
                            &lt;td&gt;
                                Turbocharged
                            &lt;/td&gt;
                            &lt;td&gt;
                                01 May 1980
                            &lt;/td&gt;
                            &lt;td&gt;
                                01 Apr 1984
                            &lt;/td&gt;                            
                            
                        &lt;/tr&gt;
                    

            &lt;/tbody&gt;
        &lt;/table&gt;

        &lt;div id=&quot;pagination&quot; class=&quot;pagination&quot;&gt;
            &lt;ul&gt;
                
                    &lt;li class=&quot;prev disabled&quot;&gt;
                        &lt;a&gt;&amp;larr; Previous&lt;/a&gt;
                    &lt;/li&gt;
                
                &lt;li class=&quot;current&quot;&gt;
                    &lt;a&gt;Displaying 1 to 7 of 7&lt;/a&gt;
                &lt;/li&gt;
                
                    &lt;li class=&quot;next disabled&quot;&gt;
                        &lt;a&gt;Next &amp;rarr;&lt;/a&gt;
                    &lt;/li&gt;
                
            &lt;/ul&gt;
        &lt;/div&gt;
        
    

        

        &lt;/section&gt;
        
    &lt;/body&gt;
&lt;/html&gt;

            ' doesn't contain '574 models found'" type="java.lang.Exception">test.ApplicationSpec$$anonfun$1$$anonfun$apply$21$$anonfun$apply$22.apply(ApplicationSpec.scala:35)
test.ApplicationSpec$$anonfun$1$$anonfun$apply$21$$anonfun$apply$22.apply(ApplicationSpec.scala:30)
play.api.test.Helpers$.running(Helpers.scala:33)
test.ApplicationSpec$$anonfun$1$$anonfun$apply$21.apply(ApplicationSpec.scala:30)
test.ApplicationSpec$$anonfun$1$$anonfun$apply$21.apply(ApplicationSpec.scala:30)</failure>
      </testcase><testcase name="Application should::filter model by name" time="0.070" classname="test.ApplicationSpec">
        <failure message="'









&lt;!DOCTYPE html&gt;
&lt;html&gt;
    &lt;head&gt;
        &lt;title&gt;App that probably won't be completed&lt;/title&gt;
        &lt;link rel=&quot;stylesheet&quot; type=&quot;text/css&quot; media=&quot;screen&quot; href=&quot;/assets/stylesheets/bootstrap.min.css&quot;&gt; 
        &lt;link rel=&quot;stylesheet&quot; type=&quot;text/css&quot; media=&quot;screen&quot; href=&quot;/assets/stylesheets/main.css&quot;&gt; 
    &lt;/head&gt;
    &lt;body&gt;
        
        &lt;header class=&quot;topbar&quot;&gt;
            &lt;h1 class=&quot;fill&quot;&gt;
                &lt;a href=&quot;/&quot;&gt;
                   App that probably won't be completed
                &lt;/a&gt;
            &lt;/h1&gt;
        &lt;/header&gt;
        
        &lt;section id=&quot;main&quot;&gt;
            
    
    &lt;h1&gt;No cars found&lt;/h1&gt;

    

    &lt;div id=&quot;actions&quot;&gt;
        
         

&lt;form action=&quot;/models&quot; method=&quot;GET&quot; &gt;
    
            &lt;input type=&quot;search&quot; id=&quot;searchbox&quot; name=&quot;f&quot; value=&quot;Apple&quot; placeholder=&quot;Filter by model name...&quot;&gt;
            &lt;input type=&quot;submit&quot; id=&quot;searchsubmit&quot; value=&quot;Filter by name&quot; class=&quot;btn primary&quot;&gt;
        
&lt;/form&gt;

        
        &lt;a class=&quot;btn success&quot; id=&quot;add&quot; href=&quot;/models/new&quot;&gt;Add a new model&lt;/a&gt;
        
    &lt;/div&gt;
    
    
        
        &lt;div class=&quot;well&quot;&gt;
            &lt;em&gt;Nothing to display&lt;/em&gt;
        &lt;/div&gt;
        
    

        

        &lt;/section&gt;
        
    &lt;/body&gt;
&lt;/html&gt;

            ' doesn't contain '13 models found'" type="java.lang.Exception">test.ApplicationSpec$$anonfun$1$$anonfun$apply$27$$anonfun$apply$28.apply(ApplicationSpec.scala:46)
test.ApplicationSpec$$anonfun$1$$anonfun$apply$27$$anonfun$apply$28.apply(ApplicationSpec.scala:41)
play.api.test.Helpers$.running(Helpers.scala:33)
test.ApplicationSpec$$anonfun$1$$anonfun$apply$27.apply(ApplicationSpec.scala:41)
test.ApplicationSpec$$anonfun$1$$anonfun$apply$27.apply(ApplicationSpec.scala:41)</failure>
      </testcase><testcase name="Application should::create new model" time="0.340" classname="test.ApplicationSpec">
        <failure message="'


 



&lt;!DOCTYPE html&gt;
&lt;html&gt;
    &lt;head&gt;
        &lt;title&gt;App that probably won't be completed&lt;/title&gt;
        &lt;link rel=&quot;stylesheet&quot; type=&quot;text/css&quot; media=&quot;screen&quot; href=&quot;/assets/stylesheets/bootstrap.min.css&quot;&gt; 
        &lt;link rel=&quot;stylesheet&quot; type=&quot;text/css&quot; media=&quot;screen&quot; href=&quot;/assets/stylesheets/main.css&quot;&gt; 
    &lt;/head&gt;
    &lt;body&gt;
        
        &lt;header class=&quot;topbar&quot;&gt;
            &lt;h1 class=&quot;fill&quot;&gt;
                &lt;a href=&quot;/&quot;&gt;
                   App that probably won't be completed
                &lt;/a&gt;
            &lt;/h1&gt;
        &lt;/header&gt;
        
        &lt;section id=&quot;main&quot;&gt;
            
    
    &lt;h1&gt;Add a model&lt;/h1&gt;
    
     

&lt;form action=&quot;/models&quot; method=&quot;POST&quot; &gt;
    
        
        &lt;fieldset&gt;
        
            








&lt;div class=&quot;clearfix &quot;&gt;
    &lt;label for=&quot;name&quot;&gt;Car model name&lt;/label&gt;
    &lt;div class=&quot;input&quot;&gt;
        
    &lt;input type=&quot;text&quot; id=&quot;name&quot; name=&quot;name&quot; value=&quot;FooBar&quot; &gt;

        &lt;span class=&quot;help-inline&quot;&gt;Required&lt;/span&gt; 
    &lt;/div&gt;
&lt;/div&gt;



            








&lt;div class=&quot;clearfix error&quot;&gt;
    &lt;label for=&quot;introduced&quot;&gt;Introduced date&lt;/label&gt;
    &lt;div class=&quot;input&quot;&gt;
        
    &lt;input type=&quot;text&quot; id=&quot;introduced&quot; name=&quot;introduced&quot; value=&quot;badbadbad&quot; &gt;

        &lt;span class=&quot;help-inline&quot;&gt;Date ('yyyy-MM-dd')&lt;/span&gt; 
    &lt;/div&gt;
&lt;/div&gt;



            








&lt;div class=&quot;clearfix &quot;&gt;
    &lt;label for=&quot;discontinued&quot;&gt;Discontinued date&lt;/label&gt;
    &lt;div class=&quot;input&quot;&gt;
        
    &lt;input type=&quot;text&quot; id=&quot;discontinued&quot; name=&quot;discontinued&quot; value=&quot;&quot; &gt;

        &lt;span class=&quot;help-inline&quot;&gt;Date ('yyyy-MM-dd')&lt;/span&gt; 
    &lt;/div&gt;
&lt;/div&gt;




            








&lt;div class=&quot;clearfix &quot;&gt;
    &lt;label for=&quot;make&quot;&gt;Make&lt;/label&gt;
    &lt;div class=&quot;input&quot;&gt;
        
    &lt;select id=&quot;make&quot; name=&quot;make&quot; &gt;
        
            &lt;option class=&quot;blank&quot; value=&quot;&quot;&gt;-- Choose a Make --&lt;/option&gt;
        
        
            &lt;option value=&quot;2&quot; &gt;Nissan&lt;/option&gt;
        
            &lt;option value=&quot;3&quot; &gt;Porsche&lt;/option&gt;
        
            &lt;option value=&quot;1&quot; selected&gt;Renault&lt;/option&gt;
        
            &lt;option value=&quot;4&quot; &gt;Subaru&lt;/option&gt;
        
    &lt;/select&gt;

        &lt;span class=&quot;help-inline&quot;&gt;&lt;/span&gt; 
    &lt;/div&gt;
&lt;/div&gt;



            
            








&lt;div class=&quot;clearfix &quot;&gt;
    &lt;label for=&quot;aspiration&quot;&gt;Aspiration&lt;/label&gt;
    &lt;div class=&quot;input&quot;&gt;
        
    &lt;select id=&quot;aspiration&quot; name=&quot;aspiration&quot; &gt;
        
            &lt;option class=&quot;blank&quot; value=&quot;&quot;&gt;-- Choose an aspiration type --&lt;/option&gt;
        
        
            &lt;option value=&quot;2&quot; &gt;N/A&lt;/option&gt;
        
            &lt;option value=&quot;3&quot; &gt;Supercharged&lt;/option&gt;
        
            &lt;option value=&quot;1&quot; &gt;Turbocharged&lt;/option&gt;
        
    &lt;/select&gt;

        &lt;span class=&quot;help-inline&quot;&gt;&lt;/span&gt; 
    &lt;/div&gt;
&lt;/div&gt;



            

        &lt;/fieldset&gt;
        
        &lt;div class=&quot;actions&quot;&gt;
            &lt;input type=&quot;submit&quot; value=&quot;Create this model&quot; class=&quot;btn primary&quot;&gt; or 
            &lt;a href=&quot;/models&quot; class=&quot;btn&quot;&gt;Cancel&lt;/a&gt; 
        &lt;/div&gt;
        
    
&lt;/form&gt;

    

        &lt;/section&gt;
        
    &lt;/body&gt;
&lt;/html&gt;' doesn't contain '&lt;option value=&quot;1&quot; selected&gt;Nissan&lt;/option&gt;'" type="java.lang.Exception">test.ApplicationSpec$$anonfun$1$$anonfun$apply$33$$anonfun$apply$34.apply(ApplicationSpec.scala:63)
test.ApplicationSpec$$anonfun$1$$anonfun$apply$33$$anonfun$apply$34.apply(ApplicationSpec.scala:52)
play.api.test.Helpers$.running(Helpers.scala:33)
test.ApplicationSpec$$anonfun$1$$anonfun$apply$33.apply(ApplicationSpec.scala:52)
test.ApplicationSpec$$anonfun$1$$anonfun$apply$33.apply(ApplicationSpec.scala:52)</failure>
      </testcase>
        <system-out></system-out>
        <system-err></system-err>
      </testsuite>