<testsuite tests="1" skipped="0" name="test.IntegrationSpec" hostname="Dominic-PC" failures="0" time="0.000" errors="0">
        <properties>
[...]
</properties>
        <testcase name="Application should::work from within a browser" time="4.089" classname="test.IntegrationSpec">
        <failure message="'App that probably won't be completed' is not equal to 'Play 2.0 sample application — Computer database'" type="java.lang.Exception">test.IntegrationSpec$$anonfun$1$$anonfun$apply$3$$anonfun$apply$4.apply(IntegrationSpec.scala:18)
test.IntegrationSpec$$anonfun$1$$anonfun$apply$3$$anonfun$apply$4.apply(IntegrationSpec.scala:15)
play.api.test.Helpers$.running(Helpers.scala:59)
test.IntegrationSpec$$anonfun$1$$anonfun$apply$3.apply(IntegrationSpec.scala:15)
test.IntegrationSpec$$anonfun$1$$anonfun$apply$3.apply(IntegrationSpec.scala:15)</failure>
      </testcase>
        <system-out></system-out>
        <system-err></system-err>
      </testsuite>